Start testing: Jun 20 17:00 CEST
----------------------------------------------------------
1/4 Testing: FactTest
1/4 Test: FactTest
Command: "/Users/user/Desktop/tp/Repo_Final/build/tests/test_fact"
Directory: /Users/user/Desktop/tp/Repo_Final/build/tests
"FactTest" start time: Jun 20 17:00 CEST
Output:
----------------------------------------------------------
<end of output>
Test time =   0.20 sec
----------------------------------------------------------
Test Passed.
"FactTest" end time: Jun 20 17:00 CEST
"FactTest" time elapsed: 00:00:00
----------------------------------------------------------

2/4 Testing: FibTest
2/4 Test: FibTest
Command: "/Users/user/Desktop/tp/Repo_Final/build/tests/test_fib"
Directory: /Users/user/Desktop/tp/Repo_Final/build/tests
"FibTest" start time: Jun 20 17:00 CEST
Output:
----------------------------------------------------------
<end of output>
Test time =   0.13 sec
----------------------------------------------------------
Test Passed.
"FibTest" end time: Jun 20 17:00 CEST
"FibTest" time elapsed: 00:00:00
----------------------------------------------------------

3/4 Testing: PalTest
3/4 Test: PalTest
Command: "/Users/user/Desktop/tp/Repo_Final/build/tests/test_pal"
Directory: /Users/user/Desktop/tp/Repo_Final/build/tests
"PalTest" start time: Jun 20 17:00 CEST
Output:
----------------------------------------------------------
<end of output>
Test time =   0.13 sec
----------------------------------------------------------
Test Passed.
"PalTest" end time: Jun 20 17:00 CEST
"PalTest" time elapsed: 00:00:00
----------------------------------------------------------

4/4 Testing: PrimeTest
4/4 Test: PrimeTest
Command: "/Users/user/Desktop/tp/Repo_Final/build/tests/test_pri"
Directory: /Users/user/Desktop/tp/Repo_Final/build/tests
"PrimeTest" start time: Jun 20 17:00 CEST
Output:
----------------------------------------------------------
<end of output>
Test time =   0.13 sec
----------------------------------------------------------
Test Passed.
"PrimeTest" end time: Jun 20 17:00 CEST
"PrimeTest" time elapsed: 00:00:00
----------------------------------------------------------

End testing: Jun 20 17:00 CEST
